"../../../Engine/Content/EngineMaterials/T_Default_Material_Grid_N.uasset" 0
"../../../Engine/Content/EngineMaterials/T_Default_Material_Grid_M.uasset" 1
"../../../Engine/Content/Functions/Engine_MaterialFunctions01/Opacity/CameraDepthFade.uasset" 2
"../../../Engine/Content/EngineMaterials/WorldGridMaterial.uasset" 3
"../../../../../../Users/Jess/Desktop/CGP/CGP_Prototype_Basic/Content/Box_Brush12_StaticMesh.uasset" 4
"../../../../../../Users/Jess/Desktop/CGP/CGP_Prototype_Basic/Content/Blueprints/MainMenu_PC.uasset" 5
"../../../../../../Users/Jess/Desktop/CGP/CGP_Prototype_Basic/Content/Blueprints/MainSaveGame.uasset" 6
"../../../Engine/Content/EngineDebugMaterials/VertexColorViewMode_GreenOnly.uasset" 7
"../../../../../../Users/Jess/Desktop/CGP/CGP_Prototype_Basic/Content/StaticMeshes/PBotGreen.uasset" 8
"../../../../../../Users/Jess/Desktop/CGP/CGP_Prototype_Basic/Content/StaticMeshes/Material_011.uasset" 9
"../../../../../../Users/Jess/Desktop/CGP/CGP_Prototype_Basic/Content/StaticMeshes/Material_017.uasset" 10
"../../../../../../Users/Jess/Desktop/CGP/CGP_Prototype_Basic/Content/StaticMeshes/Material_019.uasset" 11
"../../../../../../Users/Jess/Desktop/CGP/CGP_Prototype_Basic/Content/StaticMeshes/HardBDark.uasset" 12
"../../../../../../Users/Jess/Desktop/CGP/CGP_Prototype_Basic/Content/StaticMeshes/HardBBlack.uasset" 13
"../../../../../../Users/Jess/Desktop/CGP/CGP_Prototype_Basic/Content/StaticMeshes/JD_Player_Cube_030.uasset" 14
"../../../../../../Users/Jess/Desktop/CGP/CGP_Prototype_Basic/Content/MusicAndSounds/PlayerWalking.uasset" 15
"../../../../../../Users/Jess/Desktop/CGP/CGP_Prototype_Basic/Content/MusicAndSounds/PlayerWalking_Cue.uasset" 16
"../../../Engine/Content/EditorBlueprintResources/StandardMacros.uasset" 17
"../../../../../../Users/Jess/Desktop/CGP/CGP_Prototype_Basic/Content/Blueprints/Character/BP_Character.uasset" 18
"../../../../../../Users/Jess/Desktop/CGP/CGP_Prototype_Basic/Content/GameFiles/GI_GameInstance.uasset" 19
"../../../../../../Users/Jess/Desktop/CGP/CGP_Prototype_Basic/Content/Textures/T_Rock_Basalt_N.uasset" 20
"../../../../../../Users/Jess/Desktop/CGP/CGP_Prototype_Basic/Content/Materials/M_DullMetal.uasset" 21
"../../../../../../Users/Jess/Desktop/CGP/CGP_Prototype_Basic/Content/StaticMeshes/Material_014.uasset" 22
"../../../../../../Users/Jess/Desktop/CGP/CGP_Prototype_Basic/Content/StaticMeshes/Material_013.uasset" 23
"../../../../../../Users/Jess/Desktop/CGP/CGP_Prototype_Basic/Content/StaticMeshes/Material_012.uasset" 24
"../../../../../../Users/Jess/Desktop/CGP/CGP_Prototype_Basic/Content/StaticMeshes/Material_010.uasset" 25
"../../../../../../Users/Jess/Desktop/CGP/CGP_Prototype_Basic/Content/StaticMeshes/Material_004.uasset" 26
"../../../../../../Users/Jess/Desktop/CGP/CGP_Prototype_Basic/Content/StaticMeshes/JD_EasyBot.uasset" 27
"../../../Engine/Content/EngineFonts/RobotoDistanceField.uasset" 28
"../../../Engine/Content/EngineMaterials/DefaultTextMaterialTranslucent.uasset" 29
"../../../../../../Users/Jess/Desktop/CGP/CGP_Prototype_Basic/Content/Materials/M_MediumMetalGreen.uasset" 30
"../../../../../../Users/Jess/Desktop/CGP/CGP_Prototype_Basic/Content/StaticMeshes/JD_Stool.uasset" 31
"../../../../../../Users/Jess/Desktop/CGP/CGP_Prototype_Basic/Content/Blueprints/LevelActors/BP_NPC_Easy.uasset" 32
"../../../../../../Users/Jess/Desktop/CGP/CGP_Prototype_Basic/Content/Blueprints/LevelActors/BP_EasyNPC.uasset" 33
"../../../Engine/Content/EngineMaterials/DefaultMaterial.uasset" 34
"../../../../../../Users/Jess/Desktop/CGP/CGP_Prototype_Basic/Content/Blueprints/Shield/Sphere.uasset" 35
"../../../Engine/Content/Functions/Engine_MaterialFunctions01/Gradient/LinearGradient.uasset" 36
"../../../Engine/Content/Functions/Engine_MaterialFunctions01/ImageAdjustment/CheapContrast.uasset" 37
"../../../../../../Users/Jess/Desktop/CGP/CGP_Prototype_Basic/Content/Materials/M_Shield.uasset" 38
"../../../../../../Users/Jess/Desktop/CGP/CGP_Prototype_Basic/Content/Blueprints/Shield/BP_Shield.uasset" 39
"../../../../../../Users/Jess/Desktop/CGP/CGP_Prototype_Basic/Content/VFX/BP_CameraShake.uasset" 40
"../../Plugins/FX/Niagara/Content/Functions/System/SystemChangeState.uasset" 41
"../../Plugins/FX/Niagara/Content/Enums/ENiagaraSystemInactiveMode.uasset" 42
"../../Plugins/FX/Niagara/Content/Enums/ENiagara_EmitterStateOptions.uasset" 43
"../../Plugins/FX/Niagara/Content/Modules/System/SystemState.uasset" 44
"../../Plugins/FX/Niagara/Content/Enums/ENiagaraSphereDistributionMode.uasset" 45
"../../Plugins/FX/Niagara/Content/Enums/ENiagaraRandomnessMode.uasset" 46
"../../Plugins/FX/Niagara/Content/Enums/ENiagaraRandomnessEvaluation.uasset" 47
"../../Plugins/FX/Niagara/Content/Enums/ENiagaraInactiveMode.uasset" 48
"../../Plugins/FX/Niagara/Content/Enums/ENiagaraExpansionMode.uasset" 49
"../../Plugins/FX/Niagara/Content/Enums/ENiagaraEmitterScalabilityMode_Limited.uasset" 50
"../../Plugins/FX/Niagara/Content/Enums/ENiagaraEmitterLifeCycleMode.uasset" 51
"../../Plugins/FX/Niagara/Content/Enums/ENiagaraCoordinateSpace.uasset" 52
"../../Plugins/FX/Niagara/Content/Enums/ENiagaraChannelCorrelation.uasset" 53
"../../Plugins/FX/Niagara/Content/Enums/ENiagara_UVFlippingMode.uasset" 54
"../../Plugins/FX/Niagara/Content/Enums/ENiagara_SpriteRotationMode.uasset" 55
"../../Plugins/FX/Niagara/Content/Enums/ENiagara_PositionInitializationMode.uasset" 56
"../../Plugins/FX/Niagara/Content/Enums/ENiagara_MassInitializationMode.uasset" 57
"../../Plugins/FX/Niagara/Content/Enums/ENiagara_LifetimeMode.uasset" 58
"../../Plugins/FX/Niagara/Content/Enums/ENiagara_InfiniteLoopDuration.uasset" 59
"../../Plugins/FX/Niagara/Content/Enums/ENiagara_ColorInitializationMode.uasset" 60
"../../Plugins/FX/Niagara/Content/Modules/Update/Size/ScaleMeshSize.uasset" 61
"../../Plugins/FX/Niagara/Content/Modules/Update/Lifetime/ParticleState.uasset" 62
"../../Plugins/FX/Niagara/Content/Modules/Update/Forces/Drag.uasset" 63
"../../Plugins/FX/Niagara/Content/Modules/Update/Color/Color.uasset" 64
"../../Plugins/FX/Niagara/Content/Functions/Math/RemapValueRange.uasset" 65
"../../Plugins/FX/Niagara/Content/Functions/Rotation/MultiplyVectorWithQuaternion.uasset" 66
"../../Plugins/FX/Niagara/Content/Functions/DirectionAndLengthSafe.uasset" 67
"../../Plugins/FX/Niagara/Content/Functions/Rotation/FindQuatBetween.uasset" 68
"../../Plugins/FX/Niagara/Content/Functions/PolarToCartesianCoordinates.uasset" 69
"../../Plugins/FX/Niagara/Content/Functions/GetRandomInfo.uasset" 70
"../../Plugins/FX/Niagara/Content/Functions/RandomRangeFloat.uasset" 71
"../../Plugins/FX/Niagara/Content/Functions/RandomVectorInCone.uasset" 72
"../../Plugins/FX/Niagara/Content/Functions/Localspace/TransformBase.uasset" 73
"../../Plugins/FX/Niagara/Content/Functions/Localspace/TransformVector.uasset" 74
"../../Plugins/FX/Niagara/Content/Modules/Spawn/Velocity/AddVelocityInCone.uasset" 75
"../../Plugins/FX/Niagara/Content/Functions/V2/CalculateRandomRange.uasset" 76
"../../Plugins/FX/Niagara/Content/Functions/V2/CalculateRandomPointInSphere.uasset" 77
"../../Plugins/FX/Niagara/Content/Functions/SphericalToCartesianCoordinates.uasset" 78
"../../Plugins/FX/Niagara/Content/Functions/Localspace/SimulationPosition.uasset" 79
"../../Plugins/FX/Niagara/Content/Modules/Spawn/Location/V2/SphereLocation.uasset" 80
"../../Plugins/FX/Niagara/Content/Functions/V2/CalculateRandomRangeFloat.uasset" 81
"../../Plugins/FX/Niagara/Content/Functions/LinearColor/HueShiftLinearColor.uasset" 82
"../../Plugins/FX/Niagara/Content/Functions/V2/CalculateRandomRangeInteger.uasset" 83
"../../Plugins/FX/Niagara/Content/Functions/V2/CalculateRandomBool.uasset" 84
"../../Plugins/FX/Niagara/Content/Enums/ENiagara_SizeScaleMode.uasset" 85
"../../Plugins/FX/Niagara/Content/Modules/Spawn/Initialization/V2/InitializeParticle.uasset" 86
"../../Plugins/FX/Niagara/Content/Modules/Solvers/SolveForcesAndVelocity.uasset" 87
"../../Plugins/FX/Niagara/Content/Modules/Emitter/SpawnRate.uasset" 88
"../../Plugins/FX/Niagara/Content/Enums/ENiagaraExecutionStateManagement.uasset" 89
"../../Plugins/FX/Niagara/Content/Functions/Emitter/EmitterChangeState.uasset" 90
"../../Plugins/FX/Niagara/Content/Modules/Emitter/EmitterState.uasset" 91
"../../Plugins/FX/Niagara/Content/DynamicInputs/ValueFromCurve/ColorFromCurve.uasset" 92
"../../Plugins/FX/Niagara/Content/DynamicInputs/UniformRange/V2/RandomRangeFloat.uasset" 93
"../../Plugins/FX/Niagara/Content/DynamicInputs/ScaleByCurve/ScaleFloatByCurve.uasset" 94
"../../../../../../Users/Jess/Desktop/CGP/CGP_Prototype_Basic/Content/StaticMeshes/SM_Sphere.uasset" 95
"../../../../../../Users/Jess/Desktop/CGP/CGP_Prototype_Basic/Content/Materials/M_Flame.uasset" 96
"../../../../../../Users/Jess/Desktop/CGP/CGP_Prototype_Basic/Content/Materials/M_Flame_Inst.uasset" 97
"../../../../../../Users/Jess/Desktop/CGP/CGP_Prototype_Basic/Content/VFX/Booster/NE_Booster.uasset" 98
"../../../../../../Users/Jess/Desktop/CGP/CGP_Prototype_Basic/Content/VFX/Booster/NS_Booster.uasset" 99
"../../../../../../Users/Jess/Desktop/CGP/CGP_Prototype_Basic/Content/Blueprints/UI/Images/radialmenu.uasset" 100
"../../../../../../Users/Jess/Desktop/CGP/CGP_Prototype_Basic/Content/Blueprints/UI/BP_AbilityWheel.uasset" 101
"../../../../../../Users/Jess/Desktop/CGP/CGP_Prototype_Basic/Content/MusicAndSounds/UIClick2.uasset" 102
"../../../../../../Users/Jess/Desktop/CGP/CGP_Prototype_Basic/Content/Blueprints/UI/Widgets/UI_Border_Image.uasset" 103
"../../Plugins/2D/Paper2D/Content/PlaceholderTextures/DummySpriteTexture.uasset" 104
"../../Plugins/2D/Paper2D/Content/DefaultSpriteMaterial.uasset" 105
"../../Plugins/2D/Paper2D/Content/TranslucentUnlitSpriteMaterial.uasset" 106
"../../../../../../Users/Jess/Desktop/CGP/CGP_Prototype_Basic/Content/Blueprints/UI/Widgets/UI_Border_Sprite.uasset" 107
"../../../../../../Users/Jess/Desktop/CGP/CGP_Prototype_Basic/Content/Blueprints/UI/Fonts/Mad_Mecha.uasset" 108
"../../../../../../Users/Jess/Desktop/CGP/CGP_Prototype_Basic/Content/Blueprints/UI/Fonts/Mad_Mecha_Font.uasset" 109
"../../../../../../Users/Jess/Desktop/CGP/CGP_Prototype_Basic/Content/Blueprints/UI/Widgets/Death_Widget.uasset" 110
"../../../../../../Users/Jess/Desktop/CGP/CGP_Prototype_Basic/Content/MusicAndSounds/BotLevelMusic.uasset" 111
"../../../../../../Users/Jess/Desktop/CGP/CGP_Prototype_Basic/Content/MusicAndSounds/BotLevelMusic_Cue.uasset" 112
"../../../../../../Users/Jess/Desktop/CGP/CGP_Prototype_Basic/Content/MusicAndSounds/ShieldVFX.uasset" 113
"../../../../../../Users/Jess/Desktop/CGP/CGP_Prototype_Basic/Content/MusicAndSounds/ShieldVFX_Cue.uasset" 114
"../../../../../../Users/Jess/Desktop/CGP/CGP_Prototype_Basic/Content/Blueprints/Character/BP_CharacterFalling.uasset" 115
"../../../../../../Users/Jess/Desktop/CGP/CGP_Prototype_Basic/Content/StaticMeshes/Material_002.uasset" 116
"../../../../../../Users/Jess/Desktop/CGP/CGP_Prototype_Basic/Content/StaticMeshes/Material_001.uasset" 117
"../../../../../../Users/Jess/Desktop/CGP/CGP_Prototype_Basic/Content/StaticMeshes/Material.uasset" 118
"../../../../../../Users/Jess/Desktop/CGP/CGP_Prototype_Basic/Content/StaticMeshes/Material_033.uasset" 119
"../../../../../../Users/Jess/Desktop/CGP/CGP_Prototype_Basic/Content/StaticMeshes/Material_003.uasset" 120
"../../../../../../Users/Jess/Desktop/CGP/CGP_Prototype_Basic/Content/StaticMeshes/SM_Laser.uasset" 121
"../../../../../../Users/Jess/Desktop/CGP/CGP_Prototype_Basic/Content/Blueprints/Obstacles/LaserCutter/LaserSound.uasset" 122
"../../Plugins/FX/Niagara/Content/Enums/ENiagaraMassByVolume.uasset" 123
"../../Plugins/FX/Niagara/Content/Modules/Update/Mass/CalculateSizeAndRotationalInertiaByMass.uasset" 124
"../../Plugins/FX/Niagara/Content/Functions/RandomUnitVector.uasset" 125
"../../Plugins/FX/Niagara/Content/Functions/RandomVector.uasset" 126
"../../Plugins/FX/Niagara/Content/Functions/NormalizeDistanceRange.uasset" 127
"../../Plugins/FX/Niagara/Content/Functions/DistanceBasedFalloff.uasset" 128
"../../Plugins/FX/Niagara/Content/Modules/Spawn/Velocity/AddVelocityFromPoint.uasset" 129
"../../Plugins/FX/Niagara/Content/DynamicInputs/Helpers/SimulationPosition.uasset" 130
"../../Plugins/FX/Niagara/Content/Modules/Update/Size/ScaleSpriteSize.uasset" 131
"../../Plugins/FX/Niagara/Content/DynamicInputs/ValueFromCurve/FloatFromCurve.uasset" 132
"../../Plugins/FX/Niagara/Content/DynamicInputs/TypeConversions/Vector2DFromFloat.uasset" 133
"../../Plugins/FX/Niagara/Content/DefaultAssets/DefaultSpriteMaterial.uasset" 134
"../../Plugins/FX/Niagara/Content/Modules/Emitter/SpawnBurst_Instantaneous.uasset" 135
"../../Plugins/FX/Niagara/Content/Modules/Update/Forces/GravityForce.uasset" 136
"../../../../../../Users/Jess/Desktop/CGP/CGP_Prototype_Basic/Content/VFX/Laser/NE_LaserSparks.uasset" 137
"../../../../../../Users/Jess/Desktop/CGP/CGP_Prototype_Basic/Content/VFX/Laser/NS_LaserSparks.uasset" 138
"../../../../../../Users/Jess/Desktop/CGP/CGP_Prototype_Basic/Content/VFX/Laser/NE_LaserImpact.uasset" 139
"../../../../../../Users/Jess/Desktop/CGP/CGP_Prototype_Basic/Content/VFX/Laser/NS_LaserImpact.uasset" 140
"../../Plugins/FX/Niagara/Content/Modules/Update/Position/JitterPosition.uasset" 141
"../../Plugins/FX/Niagara/Content/Functions/Spline/FindPositionOnBezierSpline.uasset" 142
"../../Plugins/FX/Niagara/Content/Modules/Beams/UpdateBeam.uasset" 143
"../../Plugins/FX/Niagara/Content/Functions/NormalizedExecutionIndex.uasset" 144
"../../Plugins/FX/Niagara/Content/Modules/Beams/SpawnBeam.uasset" 145
"../../Plugins/FX/Niagara/Content/Modules/Beams/BeamWidth.uasset" 146
"../../Plugins/FX/Niagara/Content/Functions/Localspace/TransformPosition.uasset" 147
"../../Plugins/FX/Niagara/Content/DynamicInputs/Multiply/Multiply_VectorByFloat.uasset" 148
"../../Plugins/FX/Niagara/Content/Modules/Beams/BeamEmitterSetup.uasset" 149
"../../Plugins/FX/Niagara/Content/DefaultAssets/DefaultRIbbonMaterial.uasset" 150
"../../../../../../Users/Jess/Desktop/CGP/CGP_Prototype_Basic/Content/VFX/Laser/NE_Laser.uasset" 151
"../../../../../../Users/Jess/Desktop/CGP/CGP_Prototype_Basic/Content/VFX/Laser/NS_Laser.uasset" 152
"../../../../../../Users/Jess/Desktop/CGP/CGP_Prototype_Basic/Content/Materials/M_ShinyMetal.uasset" 153
"../../../../../../Users/Jess/Desktop/CGP/CGP_Prototype_Basic/Content/Materials/M_Light.uasset" 154
"../../../../../../Users/Jess/Desktop/CGP/CGP_Prototype_Basic/Content/Materials/M_MetallicMetalOrange.uasset" 155
"../../../../../../Users/Jess/Desktop/CGP/CGP_Prototype_Basic/Content/Blueprints/Obstacles/LaserCutter/BP_LaserCutter.uasset" 156
"../../../../../../Users/Jess/Desktop/CGP/CGP_Prototype_Basic/Content/Blueprints/Obstacles/BP_LaserCutter.uasset" 157
"../../../../../../Users/Jess/Desktop/CGP/CGP_Prototype_Basic/Content/Blueprints/Obstacles/Flamethrower/FlamethrowerSound.uasset" 158
"../../../../../../Users/Jess/Desktop/CGP/CGP_Prototype_Basic/Content/Blueprints/Obstacles/Flamethrower/FlamethrowerSound_Cue.uasset" 159
"../../../../../../Users/Jess/Desktop/CGP/CGP_Prototype_Basic/Content/GameFiles/GS_EndlessRunner.uasset" 160
"../../../../../../Users/Jess/Desktop/CGP/CGP_Prototype_Basic/Content/GameFiles/GM_EndlessRunner.uasset" 161
"../../../../../../Users/Jess/Desktop/CGP/CGP_Prototype_Basic/Content/Blueprints/UI/Widgets/PlayerHUDLevel_Widget.uasset" 162
"../../../../../../Users/Jess/Desktop/CGP/CGP_Prototype_Basic/Content/Blueprints/UI/PlayerHUDLevel_Widget.uasset" 163
"../../../../../../Users/Jess/Desktop/CGP/CGP_Prototype_Basic/Content/Blueprints/UI/Widgets/Old/XboxButton_Widget.uasset" 164
"../../../../../../Users/Jess/Desktop/CGP/CGP_Prototype_Basic/Content/Textures/TilingNoise03.uasset" 165
"../../../../../../Users/Jess/Desktop/CGP/CGP_Prototype_Basic/Content/Textures/T_Background.uasset" 166
"../../../../../../Users/Jess/Desktop/CGP/CGP_Prototype_Basic/Content/Textures/Scanlines_T.uasset" 167
"../../../../../../Users/Jess/Desktop/CGP/CGP_Prototype_Basic/Content/Textures/Earth_Normal.uasset" 168
"../../../Engine/Content/EngineMaterials/BlendFunc_DefBlend.uasset" 169
"../../../Engine/Content/EngineMaterials/BlendFunc_DefBase.uasset" 170
"../../../Engine/Content/Functions/Engine_MaterialFunctions03/Blends/Blend_Overlay.uasset" 171
"../../../Engine/Content/Functions/Engine_MaterialFunctions02/Utility/CameraVectorWithWPOOptions.uasset" 172
"../../../Engine/Content/Functions/Engine_MaterialFunctions02/Fresnel_Function.uasset" 173
"../../../../../../Users/Jess/Desktop/CGP/CGP_Prototype_Basic/Content/Materials/M_Holographic_UI.uasset" 174
"../../../../../../Users/Jess/Desktop/CGP/CGP_Prototype_Basic/Content/Blueprints/UI/Fonts/Over_There.uasset" 175
"../../../../../../Users/Jess/Desktop/CGP/CGP_Prototype_Basic/Content/Blueprints/UI/Fonts/Over_There_Font.uasset" 176
"../../../../../../Users/Jess/Desktop/CGP/CGP_Prototype_Basic/Content/Blueprints/UI/Widgets/Old/TempMainMenu_Widget.uasset" 177
"../../../../../../Users/Jess/Desktop/CGP/CGP_Prototype_Basic/Content/Blueprints/UI/Widgets/TempMainMenu_Widget.uasset" 178
"../../../../../../Users/Jess/Desktop/CGP/CGP_Prototype_Basic/Content/Blueprints/UI/TempMainMenu_Widget.uasset" 179
"../../../../../../Users/Jess/Desktop/CGP/CGP_Prototype_Basic/Content/Blueprints/UI/Widgets/TV_Options_Widget.uasset" 180
"../../../../../../Users/Jess/Desktop/CGP/CGP_Prototype_Basic/Content/Blueprints/UI/HubScreens/OptionsTV_BP.uasset" 181
"../../../../../../Users/Jess/Desktop/CGP/CGP_Prototype_Basic/Content/Blueprints/UI/BP/OptionsTV_BP.uasset" 182
"../../../../../../Users/Jess/Desktop/CGP/CGP_Prototype_Basic/Content/Blueprints/UI/CharacterCustomizer/ColorCustomization/Materials/Red_Mat.uasset" 183
"../../../../../../Users/Jess/Desktop/CGP/CGP_Prototype_Basic/Content/Blueprints/UI/CharacterCustomizer/ColorCustomization/Materials/Purple_Mat.uasset" 184
"../../../../../../Users/Jess/Desktop/CGP/CGP_Prototype_Basic/Content/Blueprints/UI/CharacterCustomizer/ColorCustomization/Materials/Pink_Mat.uasset" 185
"../../../../../../Users/Jess/Desktop/CGP/CGP_Prototype_Basic/Content/Blueprints/UI/CharacterCustomizer/ColorCustomization/Materials/Green_Mat.uasset" 186
"../../../../../../Users/Jess/Desktop/CGP/CGP_Prototype_Basic/Content/Blueprints/UI/CharacterCustomizer/ColorCustomization/Materials/Blue_Mat.uasset" 187
"../../../../../../Users/Jess/Desktop/CGP/CGP_Prototype_Basic/Content/Blueprints/UI/CharacterCustomizer/ColorCustomization/Materials/Black_Mat.uasset" 188
"../../../../../../Users/Jess/Desktop/CGP/CGP_Prototype_Basic/Content/Blueprints/UI/CharacterCustomizer/ColorCustomization/ColorCust_Widget.uasset" 189
"../../../../../../Users/Jess/Desktop/CGP/CGP_Prototype_Basic/Content/Blueprints/UI/Widgets/TV_Credits_Widget.uasset" 190
"../../../../../../Users/Jess/Desktop/CGP/CGP_Prototype_Basic/Content/Blueprints/UI/HubScreens/CreditsTV_BP.uasset" 191
"../../../../../../Users/Jess/Desktop/CGP/CGP_Prototype_Basic/Content/Blueprints/UI/Images/Lives_Image.uasset" 192
"../../../../../../Users/Jess/Desktop/CGP/CGP_Prototype_Basic/Content/Blueprints/UI/Images/Lives_Sprite.uasset" 193
"../../../../../../Users/Jess/Desktop/CGP/CGP_Prototype_Basic/Content/Blueprints/UI/Images/SciFi_Background.uasset" 194
"../../../../../../Users/Jess/Desktop/CGP/CGP_Prototype_Basic/Content/Blueprints/UI/Minimap/Minimap_RenderTarget.uasset" 195
"../../../../../../Users/Jess/Desktop/CGP/CGP_Prototype_Basic/Content/Blueprints/UI/Minimap/Minimap.uasset" 196
"../../../../../../Users/Jess/Desktop/CGP/CGP_Prototype_Basic/Content/Blueprints/UI/Minimap/SolidRobotIcon.uasset" 197
"../../../../../../Users/Jess/Desktop/CGP/CGP_Prototype_Basic/Content/Blueprints/UI/Minimap/SolidRobotIcon_Sprite.uasset" 198
"../../../../../../Users/Jess/Desktop/CGP/CGP_Prototype_Basic/Content/Blueprints/UI/Widgets/Master.uasset" 199
"../../../../../../Users/Jess/Desktop/CGP/CGP_Prototype_Basic/Content/Blueprints/UI/Widgets/TimerStart_Widget.uasset" 200
"../../../../../../Users/Jess/Desktop/CGP/CGP_Prototype_Basic/Content/Blueprints/UI/Widgets/FinalCreditsScreen_Widget.uasset" 201
"../../../../../../Users/Jess/Desktop/CGP/CGP_Prototype_Basic/Content/Blueprints/UI/Widgets/TV_Credits_Widget1.uasset" 202
"../../../../../../Users/Jess/Desktop/CGP/CGP_Prototype_Basic/Content/Blueprints/UI/Widgets/Old/Difficulty_Widget.uasset" 203
"../../../../../../Users/Jess/Desktop/CGP/CGP_Prototype_Basic/Content/Blueprints/UI/Widgets/Old/TV_Credits_Widget.uasset" 204
"../../../../../../Users/Jess/Desktop/CGP/CGP_Prototype_Basic/Content/Blueprints/UI/Widgets/Old/TV_Options_Widget.uasset" 205
"../../../Engine/Content/BasicShapes/Plane.uasset" 206
"../../../Engine/Content/BasicShapes/Cube.uasset" 207
"../../../../../../Users/Jess/Desktop/CGP/CGP_Prototype_Basic/Content/HP/Materials/M_Screen_Easy_HP.uasset" 208
"../../../../../../Users/Jess/Desktop/CGP/CGP_Prototype_Basic/Content/HP/Screen_PS2.uasset" 209
"../../../../../../Users/Jess/Desktop/CGP/CGP_Prototype_Basic/Content/HP/Materials/Screen_PS2_Mat.uasset" 210
"../../../../../../Users/Jess/Desktop/CGP/CGP_Prototype_Basic/Content/HP/PS_Screen2_HP.uasset" 211
"../../../../../../Users/Jess/Desktop/CGP/CGP_Prototype_Basic/Content/HP/EasyTxt.uasset" 212
"../../../../../../Users/Jess/Desktop/CGP/CGP_Prototype_Basic/Content/HP/EasyTxt_Mat.uasset" 213
"../../../../../../Users/Jess/Desktop/CGP/CGP_Prototype_Basic/Content/HP/Bluprints/BP_Screens_Easy_HP.uasset" 214
"../../../../../../Users/Jess/Desktop/CGP/CGP_Prototype_Basic/Content/HP/Materials/M_Screen_Hard_HP.uasset" 215
"../../../../../../Users/Jess/Desktop/CGP/CGP_Prototype_Basic/Content/HP/HartTxt.uasset" 216
"../../../../../../Users/Jess/Desktop/CGP/CGP_Prototype_Basic/Content/HP/HartTxt_Mat.uasset" 217
"../../../../../../Users/Jess/Desktop/CGP/CGP_Prototype_Basic/Content/HP/Bluprints/BP_Screens_Hard_HP2.uasset" 218
"../../../../../../Users/Jess/Desktop/CGP/CGP_Prototype_Basic/Content/HP/ScreenText.uasset" 219
"../../../../../../Users/Jess/Desktop/CGP/CGP_Prototype_Basic/Content/HP/Materials/ScreenText_Mat.uasset" 220
"../../../../../../Users/Jess/Desktop/CGP/CGP_Prototype_Basic/Content/HP/Materials/M_Screen_HP.uasset" 221
"../../../../../../Users/Jess/Desktop/CGP/CGP_Prototype_Basic/Content/HP/Bluprints/BP_Screens_HP.uasset" 222
"../../../../../../Users/Jess/Desktop/CGP/CGP_Prototype_Basic/Content/HP/Materials/M_Screen_Medium_HP.uasset" 223
"../../../../../../Users/Jess/Desktop/CGP/CGP_Prototype_Basic/Content/HP/MediumTxt.uasset" 224
"../../../../../../Users/Jess/Desktop/CGP/CGP_Prototype_Basic/Content/HP/MediumTxt_Mat.uasset" 225
"../../../../../../Users/Jess/Desktop/CGP/CGP_Prototype_Basic/Content/HP/Bluprints/BP_Screens_Medium_HP1.uasset" 226
"../../../../../../Users/Jess/Desktop/CGP/CGP_Prototype_Basic/Content/HP/Materials/M_Screen_Quit_HP.uasset" 227
"../../../../../../Users/Jess/Desktop/CGP/CGP_Prototype_Basic/Content/HP/QuitTxt.uasset" 228
"../../../../../../Users/Jess/Desktop/CGP/CGP_Prototype_Basic/Content/HP/QuitTxt_Mat.uasset" 229
"../../../../../../Users/Jess/Desktop/CGP/CGP_Prototype_Basic/Content/HP/Bluprints/BP_Screens_Quit_HP3.uasset" 230
"../../../../../../Users/Jess/Desktop/CGP/CGP_Prototype_Basic/Content/HP/Materials/EBase.uasset" 231
"../../../../../../Users/Jess/Desktop/CGP/CGP_Prototype_Basic/Content/HP/Materials/EBlue.uasset" 232
"../../../Engine/Content/Functions/Engine_MaterialFunctions01/Density/ExponentialDensity.uasset" 233
"../../../Engine/Content/Functions/Engine_MaterialFunctions01/Gradient/RadialGradientExponential.uasset" 234
"../../../../../../Users/Jess/Desktop/CGP/CGP_Prototype_Basic/Content/HP/Materials/M_Sparks.uasset" 235
"../../../../../../Users/Jess/Desktop/CGP/CGP_Prototype_Basic/Content/HP/Materials/PS_Sparks.uasset" 236
"../../../../../../Users/Jess/Desktop/CGP/CGP_Prototype_Basic/Content/MusicAndSounds/MenuMusic.uasset" 237
"../../../../../../Users/Jess/Desktop/CGP/CGP_Prototype_Basic/Content/Blueprints/UI/gurdonark_-_William_and_Caroline__Nebulae_.uasset" 238
"../../../../../../Users/Jess/Desktop/CGP/CGP_Prototype_Basic/Content/Levels/gurdonark_-_William_and_Caroline__Nebulae_.uasset" 239
"../../../../../../Users/Jess/Desktop/CGP/CGP_Prototype_Basic/Content/Levels/Lvl_Falling1.uasset" 240
"../../../../../../Users/Jess/Desktop/CGP/CGP_Prototype_Basic/Content/Levels/Lvl_Falling_BuiltData.uasset" 241
"../../../../../../Users/Jess/Desktop/CGP/CGP_Prototype_Basic/Content/Levels/Lvl_Falling1_BuiltData.uasset" 242
"../../../../../../Users/Jess/Desktop/CGP/CGP_Prototype_Basic/Content/Materials/M_PurpleLight.uasset" 243
"../../../../../../Users/Jess/Desktop/CGP/CGP_Prototype_Basic/Content/Materials/M_Test.uasset" 244
"../../../../../../Users/Jess/Desktop/CGP/CGP_Prototype_Basic/Content/MusicAndSounds/BotGameDeath.uasset" 245
"../../../../../../Users/Jess/Desktop/CGP/CGP_Prototype_Basic/Content/MusicAndSounds/BotNPCTalking.uasset" 246
"../../../../../../Users/Jess/Desktop/CGP/CGP_Prototype_Basic/Content/MusicAndSounds/Click.uasset" 247
"../../../../../../Users/Jess/Desktop/CGP/CGP_Prototype_Basic/Content/MusicAndSounds/CoinOrConfirmSound.uasset" 248
"../../../../../../Users/Jess/Desktop/CGP/CGP_Prototype_Basic/Content/MusicAndSounds/DamageSound.uasset" 249
"../../../../../../Users/Jess/Desktop/CGP/CGP_Prototype_Basic/Content/MusicAndSounds/FlyingSound.uasset" 250
"../../../../../../Users/Jess/Desktop/CGP/CGP_Prototype_Basic/Content/MusicAndSounds/FlyingSound2.uasset" 251
"../../../../../../Users/Jess/Desktop/CGP/CGP_Prototype_Basic/Content/MusicAndSounds/FlyingSound3.uasset" 252
"../../../../../../Users/Jess/Desktop/CGP/CGP_Prototype_Basic/Content/MusicAndSounds/HealVFX.uasset" 253
"../../../../../../Users/Jess/Desktop/CGP/CGP_Prototype_Basic/Content/MusicAndSounds/MechanicalSound.uasset" 254
"../../../../../../Users/Jess/Desktop/CGP/CGP_Prototype_Basic/Content/MusicAndSounds/RoboticCrash.uasset" 255
"../../../../../../Users/Jess/Desktop/CGP/CGP_Prototype_Basic/Content/MusicAndSounds/SaveSound.uasset" 256
"../../../../../../Users/Jess/Desktop/CGP/CGP_Prototype_Basic/Content/StaticMeshes/Material_005.uasset" 257
"../../../../../../Users/Jess/Desktop/CGP/CGP_Prototype_Basic/Content/StaticMeshes/Bucket__1_.uasset" 258
"../../../../../../Users/Jess/Desktop/CGP/CGP_Prototype_Basic/Content/StaticMeshes/Firebreather__1_.uasset" 259
"../../../../../../Users/Jess/Desktop/CGP/CGP_Prototype_Basic/Content/StaticMeshes/MediumBYellow.uasset" 260
"../../../../../../Users/Jess/Desktop/CGP/CGP_Prototype_Basic/Content/StaticMeshes/JD_Dozerbot.uasset" 261
"../../../../../../Users/Jess/Desktop/CGP/CGP_Prototype_Basic/Content/StaticMeshes/Material_018.uasset" 262
"../../../../../../Users/Jess/Desktop/CGP/CGP_Prototype_Basic/Content/StaticMeshes/HardBRed.uasset" 263
"../../../../../../Users/Jess/Desktop/CGP/CGP_Prototype_Basic/Content/StaticMeshes/JD_MediumBotBob.uasset" 264
"../../../../../../Users/Jess/Desktop/CGP/CGP_Prototype_Basic/Content/StaticMeshes/Laser.uasset" 265
"../../../../../../Users/Jess/Desktop/CGP/CGP_Prototype_Basic/Content/StaticMeshes/Material_006.uasset" 266
"../../../../../../Users/Jess/Desktop/CGP/CGP_Prototype_Basic/Content/StaticMeshes/Material_007.uasset" 267
"../../../../../../Users/Jess/Desktop/CGP/CGP_Prototype_Basic/Content/StaticMeshes/Material_015.uasset" 268
"../../../../../../Users/Jess/Desktop/CGP/CGP_Prototype_Basic/Content/StaticMeshes/Material_016.uasset" 269
"../../../../../../Users/Jess/Desktop/CGP/CGP_Prototype_Basic/Content/StaticMeshes/SM_Beam.uasset" 270
"../../../../../../Users/Jess/Desktop/CGP/CGP_Prototype_Basic/Content/StaticMeshes/SM_FullTube.uasset" 271
"../../../../../../Users/Jess/Desktop/CGP/CGP_Prototype_Basic/Content/StaticMeshes/SM_LavaBucket.uasset" 272
"../../../../../../Users/Jess/Desktop/CGP/CGP_Prototype_Basic/Content/StaticMeshes/SM_LavaBucketModel.uasset" 273
"../../../../../../Users/Jess/Desktop/CGP/CGP_Prototype_Basic/Content/StaticMeshes/SM_RobotBox.uasset" 274
"../../../../../../Users/Jess/Desktop/CGP/CGP_Prototype_Basic/Content/StaticMeshes/SM_TubeOutterWall2.uasset" 275
"../../../../../../Users/Jess/Desktop/CGP/CGP_Prototype_Basic/Content/StaticMeshes/WrongMeshes/Material_004.uasset" 276
"../../../../../../Users/Jess/Desktop/CGP/CGP_Prototype_Basic/Content/StaticMeshes/WrongMeshes/Firebreather_Cube_001.uasset" 277
"../../../../../../Users/Jess/Desktop/CGP/CGP_Prototype_Basic/Content/StaticMeshes/WrongMeshes/Material_005.uasset" 278
"../../../../../../Users/Jess/Desktop/CGP/CGP_Prototype_Basic/Content/StaticMeshes/WrongMeshes/Material_003.uasset" 279
"../../../../../../Users/Jess/Desktop/CGP/CGP_Prototype_Basic/Content/StaticMeshes/WrongMeshes/Material_002.uasset" 280
"../../../../../../Users/Jess/Desktop/CGP/CGP_Prototype_Basic/Content/StaticMeshes/WrongMeshes/Material_001.uasset" 281
"../../../../../../Users/Jess/Desktop/CGP/CGP_Prototype_Basic/Content/StaticMeshes/WrongMeshes/Material.uasset" 282
"../../../../../../Users/Jess/Desktop/CGP/CGP_Prototype_Basic/Content/StaticMeshes/WrongMeshes/SM_FlamethrowerModel.uasset" 283
"../../../../../../Users/Jess/Desktop/CGP/CGP_Prototype_Basic/Content/VFX/Flame/NE_FlameSmall.uasset" 284
"../../../../../../Users/Jess/Desktop/CGP/CGP_Prototype_Basic/Content/VFX/Flame/NS_FlameSmall.uasset" 285
"../../../Engine/Content/ArtTools/RenderToTexture/Meshes/S_1_Unit_Plane.uasset" 286
"../../../Engine/Content/BasicShapes/Cone.uasset" 287
"../../../Engine/Content/BasicShapes/Sphere.uasset" 288
"../../../Engine/Content/EditorLandscapeResources/DataLayer.uasset" 289
"../../../Engine/Content/EditorLandscapeResources/DefaultAlphaTexture.uasset" 290
"../../../Engine/Content/EditorMaterials/MAT_Groups_Toggle.uasset" 291
"../../../Engine/Content/EditorMaterials/MAT_Groups_Visibility.uasset" 292
"../../../Engine/Content/EditorMaterials/PreviewShadowIndicator.uasset" 293
"../../../Engine/Content/EditorMaterials/PreviewShadowIndicatorMaterial.uasset" 294
"../../../Engine/Content/EditorMaterials/MatineeGroups/MAT_ColorTrack.uasset" 295
"../../../Engine/Content/EditorMaterials/MatineeGroups/MAT_Groups_Anim.uasset" 296
"../../../Engine/Content/EditorMaterials/MatineeGroups/MAT_Groups_AudioMaster.uasset" 297
"../../../Engine/Content/EditorMaterials/MatineeGroups/MAT_Groups_Director.uasset" 298
"../../../Engine/Content/EditorMaterials/MatineeGroups/MAT_Groups_Event.uasset" 299
"../../../Engine/Content/EditorMaterials/MatineeGroups/MAT_Groups_Fade.uasset" 300
"../../../Engine/Content/EditorMaterials/MatineeGroups/MAT_Groups_Float.uasset" 301
"../../../Engine/Content/EditorMaterials/MatineeGroups/MAT_Groups_Move.uasset" 302
"../../../Engine/Content/EditorMaterials/MatineeGroups/MAT_Groups_Slomo.uasset" 303
"../../../Engine/Content/EditorMaterials/MatineeGroups/MAT_Groups_Sound.uasset" 304
"../../../Engine/Content/EditorMaterials/MatineeGroups/MAT_Groups_Vector.uasset" 305
"../../../Engine/Content/EditorMaterials/ParticleSystems/PSysThumbnail_NoImage.uasset" 306
"../../../Engine/Content/EditorMaterials/ParticleSystems/PSysThumbnail_OOD.uasset" 307
"../../../Engine/Content/EditorMaterials/Camera/CineMat.uasset" 308
"../../../Engine/Content/EditorMaterials/Camera/MI_CineMat_Rig.uasset" 309
"../../../Engine/Content/EditorMeshes/Camera/SM_CraneRig_Arm.uasset" 310
"../../../Engine/Content/EditorMeshes/Camera/SM_CraneRig_Base.uasset" 311
"../../../Engine/Content/EditorMeshes/Camera/SM_CraneRig_Body.uasset" 312
"../../../Engine/Content/EditorMeshes/Camera/SM_CraneRig_Mount.uasset" 313
"../../../Engine/Content/EditorMeshes/Camera/SM_RailRig_Mount.uasset" 314
"../../../Engine/Content/EditorMeshes/Camera/SM_RailRig_Track.uasset" 315
"../../../Engine/Content/EditorResources/BSPVertex.uasset" 316
"../../../Engine/Content/EditorResources/EmptyActor.uasset" 317
"../../../Engine/Content/EditorResources/S_Actor.uasset" 318
"../../../Engine/Content/EditorResources/S_Note.uasset" 319
"../../../Engine/Content/EditorResources/S_Solver.uasset" 320
"../../../Engine/Content/EditorResources/S_Terrain.uasset" 321
"../../../Engine/Content/EditorResources/S_Trigger.uasset" 322
"../../../Engine/Content/EditorResources/AudioIcons/S_AudioComponent_AutoActivate.uasset" 323
"../../../Engine/Content/EditorResources/LightIcons/S_LightError.uasset" 324
"../../../Engine/Content/EditorResources/SequenceRecorder/Countdown.uasset" 325
"../../../Engine/Content/EditorResources/SequenceRecorder/RecordingIndicator.uasset" 326
"../../../Engine/Content/EngineDamageTypes/DmgTypeBP_Environmental.uasset" 327
"../../../Engine/Content/EngineDebugMaterials/DebugEditorMaterial.uasset" 328
"../../../Engine/Content/EngineDebugMaterials/DebugMeshMaterial.uasset" 329
"../../../Engine/Content/EngineDebugMaterials/M_SimpleUnlitTranslucent.uasset" 330
"../../../Engine/Content/EngineDebugMaterials/VolumeToRender.uasset" 331
"../../../Engine/Content/Functions/Engine_MaterialFunctions02/Utility/CameraDirectionVector.uasset" 332
"../../../Engine/Content/EngineDebugMaterials/M_VolumeRenderSphereTracePP.uasset" 333
"../../../Engine/Content/Functions/Engine_MaterialFunctions01/Shading/ConvertFromDiffSpec.uasset" 334
"../../../Engine/Content/EngineDebugMaterials/VertexColorMaterial.uasset" 335
"../../../Engine/Content/EngineDebugMaterials/WireframeMaterial.uasset" 336
"../../../Engine/Content/EngineFonts/Faces/RobotoRegular.uasset" 337
"../../../Engine/Content/EngineFonts/Faces/RobotoLight.uasset" 338
"../../../Engine/Content/EngineFonts/Faces/RobotoItalic.uasset" 339
"../../../Engine/Content/EngineFonts/Faces/RobotoBoldItalic.uasset" 340
"../../../Engine/Content/EngineFonts/Faces/RobotoBold.uasset" 341
"../../../Engine/Content/EngineFonts/Faces/DroidSansFallback.uasset" 342
"../../../Engine/Content/EngineFonts/Roboto.uasset" 343
"../../../Engine/Content/EngineMaterials/BaseFlattenNormalMap.uasset" 344
"../../../Engine/Content/EngineMaterials/BaseFlattenGrayscaleMap.uasset" 345
"../../../Engine/Content/EngineMaterials/BaseFlattenEmissiveMap.uasset" 346
"../../../Engine/Content/EngineMaterials/BaseFlattenDiffuseMap.uasset" 347
"../../../Engine/Content/EngineMaterials/BaseFlattenMaterial.uasset" 348
"../../../Engine/Content/EngineMaterials/BlueNoise.uasset" 349
"../../../Engine/Content/EngineMaterials/DefaultBloomKernel.uasset" 350
"../../../Engine/Content/EngineMaterials/DefaultBokeh.uasset" 351
"../../../Engine/Content/EngineMaterials/DefaultDiffuse.uasset" 352
"../../../Engine/Content/EngineMaterials/DefaultDeferredDecalMaterial.uasset" 353
"../../../Engine/Content/EngineMaterials/DefaultLightFunctionMaterial.uasset" 354
"../../../Engine/Content/EngineMaterials/DefaultPhysicalMaterial.uasset" 355
"../../../Engine/Content/Functions/Engine_MaterialFunctions02/Utility/BreakOutFloat2Components.uasset" 356
"../../../Engine/Content/EngineMaterials/DefaultPostProcessMaterial.uasset" 357
"../../../Engine/Content/EngineMaterials/DefaultTextMaterialOpaque.uasset" 358
"../../../Engine/Content/EngineMaterials/DefaultWhiteGrid.uasset" 359
"../../../Engine/Content/EngineMaterials/DefaultWhiteGrid_Low.uasset" 360
"../../../Engine/Content/EngineMaterials/EmissiveMeshMaterial.uasset" 361
"../../../Engine/Content/EngineMaterials/GizmoMaterial.uasset" 362
"../../../Engine/Content/EngineMaterials/Good64x64TilingNoiseHighFreq.uasset" 363
"../../../Engine/Content/EngineMaterials/MiniFont.uasset" 364
"../../../Engine/Content/EngineMaterials/InvalidLightmapSettings.uasset" 365
"../../../Engine/Content/EngineMaterials/M_InvalidLightmapSettings.uasset" 366
"../../../Engine/Content/Functions/Engine_MaterialFunctions02/WorldPositionOffset/CameraOffset.uasset" 367
"../../../Engine/Content/EngineMaterials/PhAT_JointLimitMaterial.uasset" 368
"../../../Engine/Content/EngineMaterials/PreintegratedSkinBRDF.uasset" 369
"../../../Engine/Content/EngineMaterials/RemoveSurfaceMaterial.uasset" 370
"../../../Engine/Content/EngineMaterials/WeightMapPlaceholderTexture.uasset" 371
"../../../Engine/Content/EngineResources/WhiteSquareTexture.uasset" 372
"../../../Engine/Content/EngineMaterials/Widget3DPassThrough.uasset" 373
"../../../Engine/Content/EngineMaterials/Widget3DPassThrough_Masked.uasset" 374
"../../../Engine/Content/EngineMaterials/Widget3DPassThrough_Opaque.uasset" 375
"../../../Engine/Content/EngineMaterials/Widget3DPassThrough_Masked_OneSided.uasset" 376
"../../../Engine/Content/EngineMaterials/Widget3DPassThrough_Opaque_OneSided.uasset" 377
"../../../Engine/Content/EngineMaterials/Widget3DPassThrough_Translucent.uasset" 378
"../../../Engine/Content/EngineMaterials/Widget3DPassThrough_Translucent_OneSided.uasset" 379
"../../../Engine/Content/EngineMeshes/Cylinder.uasset" 380
"../../../Engine/Content/EngineMeshes/Sphere.uasset" 381
"../../../Engine/Content/EngineResources/Black.uasset" 382
"../../../Engine/Content/EngineResources/DefaultTextureCube.uasset" 383
"../../../Engine/Content/EngineResources/DefaultVolumeTexture2D.uasset" 384
"../../../Engine/Content/EngineResources/DefaultVolumeTexture.uasset" 385
"../../../Engine/Content/EngineResources/GradientTexture0.uasset" 386
"../../../Engine/Content/EngineSky/VolumetricClouds/T_NoiseShape64.uasset" 387
"../../../Engine/Content/EngineSky/VolumetricClouds/T_VolumeNoiseShape64.uasset" 388
"../../../Engine/Content/EngineSky/VolumetricClouds/T_NoiseErosion.uasset" 389
"../../../Engine/Content/EngineSky/VolumetricClouds/T_VolumeNoiseErosion32.uasset" 390
"../../../Engine/Content/EngineSky/VolumetricClouds/CloudWeatherTexture.uasset" 391
"../../../Engine/Content/EngineSky/VolumetricClouds/CloudGradientTexture.uasset" 392
"../../../Engine/Content/Functions/Engine_MaterialFunctions02/Utility/MakeFloat2.uasset" 393
"../../../Engine/Content/EngineSky/VolumetricClouds/m_SimpleVolumetricCloud.uasset" 394
"../../../Engine/Content/EngineSky/VolumetricClouds/m_SimpleVolumetricCloud_Inst.uasset" 395
"../../../Engine/Content/EngineSounds/Master.uasset" 396
"../../../Engine/Content/Functions/Engine_MaterialFunctions01/Shading/PowerToRoughness.uasset" 397
"../../../Engine/Content/Maps/Templates/Thumbnails/Default.uasset" 398
"../../../Engine/Content/Maps/Templates/Thumbnails/TimeOfDay.uasset" 399
"../../../Engine/Content/Maps/Templates/Thumbnails/VR-Basic.uasset" 400
"../../../Engine/Content/MobileResources/T_MobileControls_texture.uasset" 401
"../../../Engine/Content/MobileResources/T_MobileMenu2.uasset" 402
"../../../Engine/Content/MobileResources/HUD/AnalogHat.uasset" 403
"../../../Engine/Content/MobileResources/HUD/VirtualJoystick_Thumb.uasset" 404
"../../../Engine/Content/MobileResources/HUD/VirtualJoystick_Background.uasset" 405
"../../../Engine/Content/MobileResources/HUD/DefaultVirtualJoysticks.uasset" 406
"../../../Engine/Content/MobileResources/HUD/LeftVirtualJoystickOnly.uasset" 407
"../../../Engine/Content/MobileResources/HUD/MobileHUDButton1_off.uasset" 408
"../../../Engine/Content/MobileResources/HUD/MobileHUDButton1_on.uasset" 409
"../../../Engine/Content/MobileResources/HUD/MobileHUDButton2_off.uasset" 410
"../../../Engine/Content/MobileResources/HUD/MobileHUDButton2_on.uasset" 411
"../../../Engine/Content/MobileResources/HUD/MobileHUDButton3.uasset" 412
"../../../Engine/Content/MobileResources/HUD/MobileHUDButtonFire.uasset" 413
"../../../Engine/Content/MobileResources/HUD/MobileHUDDirectionPad.uasset" 414
"../../../Engine/Content/MobileResources/HUD/MobileHUDDirectionPad2.uasset" 415
"../../../Engine/Content/MobileResources/HUD/MobileHUDDirectionPad3.uasset" 416
"../../../Engine/Content/MobileResources/HUD/MobileHUDDirectionStick.uasset" 417
"../../../Engine/Content/MobileResources/HUD/T_Castle_ThumbstickInner.uasset" 418
"../../../Engine/Content/MobileResources/HUD/T_Castle_ThumbstickOutter.uasset" 419
"../../../Engine/Content/Tutorial/ContentIntroCurve.uasset" 420
"../../../Engine/Content/Tutorial/Basics/LevelEditorAttract.uasset" 421
"../../../Engine/Content/Tutorial/Basics/TutorialAssets/icon_tab_Levels_40x.uasset" 422
"../../../Engine/Content/Tutorial/Basics/LevelEditorOverview.uasset" 423
"../../../Engine/Content/Tutorial/BlueprintTutorials/TutorialAssets/Blueprint_64x.uasset" 424
"../../../Engine/Content/Tutorial/BlueprintTutorials/BlueprintEditorTutorial.uasset" 425
"../../../Engine/Content/Tutorial/BlueprintTutorials/LevelBlueprintEditorOverview.uasset" 426
"../../../Engine/Content/Tutorial/Landscape/TutorialAssets/Landscape.uasset" 427
"../../../Engine/Content/Tutorial/Landscape/LandscapeWalkThrough.uasset" 428
"../../../Engine/Content/Tutorial/Landscape/Landscape_Manage_Mode.uasset" 429
"../../../Engine/Content/Tutorial/Landscape/Landscape_Painting_Mode.uasset" 430
"../../../Engine/Content/Tutorial/Landscape/Landscape_Sculpt_Mode.uasset" 431
"../../../Engine/Content/VREditor/TransformGizmo/TranslucentTransformGizmoMaterial.uasset" 432
"../../../Engine/Content/VREditor/LaserPointer/VR_LaserPower_01.uasset" 433
"../../../Engine/Content/VREditor/TransformGizmo/TransformGizmoMaterial.uasset" 434
"../../../Engine/Content/VREditor/TransformGizmo/BoundingBoxCorner.uasset" 435
"../../../Engine/Content/VREditor/TransformGizmo/BoundingBoxEdge.uasset" 436
"../../../Engine/Content/VREditor/TransformGizmo/PlaneTranslationHandle.uasset" 437
"../../../Engine/Content/VREditor/TransformGizmo/Xray.uasset" 438
"../../../Engine/Content/VREditor/TransformGizmo/Main.uasset" 439
"../../../Engine/Content/VREditor/TransformGizmo/SM_Sequencer_Key.uasset" 440
"../../../Engine/Content/VREditor/TransformGizmo/SM_Sequencer_Node.uasset" 441
"../../Plugins/2D/Paper2D/Content/DummySprite.uasset" 442
"../../Plugins/2D/Paper2D/Content/DefaultPaperTerrainMaterial.uasset" 443
"../../Plugins/2D/Paper2D/Content/MaskedUnlitSpriteMaterial.uasset" 444
"../../Plugins/2D/Paper2D/Content/OpaqueUnlitSpriteMaterial.uasset" 445
"../../../Engine/Content/Functions/Engine_MaterialFunctions02/Utility/BreakOutFloat3Components.uasset" 446
"../../Plugins/Editor/SpeedTreeImporter/Content/SpeedTree9/UnpackInteger3.uasset" 447
"../../Plugins/Editor/SpeedTreeImporter/Content/SpeedTree9/UnpackDirection.uasset" 448
"../../Plugins/Editor/SpeedTreeImporter/Content/SpeedTree9/game_wind_noise.uasset" 449
"../../../Engine/Content/Functions/Engine_MaterialFunctions02/SafeNormalize.uasset" 450
"../../Plugins/Editor/SpeedTreeImporter/Content/SpeedTree9/SpeedTreeWindMotion.uasset" 451
"../../Plugins/Editor/SpeedTreeImporter/Content/SpeedTree9/SpeedTreeBranchMotion.uasset" 452
"../../../Engine/Content/Functions/Engine_MaterialFunctions02/ObjectLocalBounds.uasset" 453
"../../../Engine/Content/Functions/Engine_MaterialFunctions02/UVs/BoundingBoxBased_0-1_UVW.uasset" 454
"../../Plugins/Editor/SpeedTreeImporter/Content/SpeedTree9/SpeedTreeWind.uasset" 455
"../../Plugins/Editor/SpeedTreeImporter/Content/SpeedTree9/SpeedTreeBillboard.uasset" 456
"../../../Engine/Content/EngineResources/DefaultTexture.uasset" 457
"../../Plugins/Editor/SpeedTreeImporter/Content/SpeedTree9/SpeedTreeBillboardMaster.uasset" 458
"../../Plugins/Editor/SpeedTreeImporter/Content/SpeedTree9/SpeedTreeCameraFacing.uasset" 459
"../../Plugins/Editor/SpeedTreeImporter/Content/SpeedTree9/SpeedTreeMaster.uasset" 460
"../../../Engine/Content/BasicShapes/Cylinder.uasset" 461
"../../../Engine/Content/ArtTools/RenderToTexture/Materials/Debug/M_Emissive_Color.uasset" 462
"../../Plugins/Lumin/MagicLeapPassableWorld/Content/MagicLeapARPinInfoActor.uasset" 463
"../../../Engine/Content/Functions/Engine_MaterialFunctions02/Utility/BreakOutFloat4Components.uasset" 464
"../../../Engine/Content/Functions/Engine_MaterialFunctions02/Utility/MakeFloat3.uasset" 465
"../../Plugins/Runtime/Oculus/OculusVR/Content/Materials/OculusMR_ChromaKey.uasset" 466
"../../Plugins/Runtime/Oculus/OculusVR/Content/Materials/OculusMR_OpaqueColoredMaterial.uasset" 467
"../../Plugins/Runtime/Oculus/OculusVR/Content/Materials/PokeAHoleMaterial.uasset" 468
"../../../../../../Users/Jess/Desktop/CGP/CGP_Prototype_Basic/Content/Blueprints/BP_StartLevelTrigger.uasset" 469
"../../../../../../Users/Jess/Desktop/CGP/CGP_Prototype_Basic/Content/Blueprints/BP_EndCamera.uasset" 470
"../../../../../../Users/Jess/Desktop/CGP/CGP_Prototype_Basic/Content/Blueprints/UI/Widgets/Old/LevelComplete_Widget.uasset" 471
"../../../../../../Users/Jess/Desktop/CGP/CGP_Prototype_Basic/Content/Blueprints/BP_EndLevelTrigger.uasset" 472
"../../../../../../Users/Jess/Desktop/CGP/CGP_Prototype_Basic/Content/StaticMeshes/JD_Arm.uasset" 473
"../../../../../../Users/Jess/Desktop/CGP/CGP_Prototype_Basic/Content/MusicAndSounds/Pickup_SFX.uasset" 474
"../../../../../../Users/Jess/Desktop/CGP/CGP_Prototype_Basic/Content/Blueprints/Collectables/BP_Collectable_Master.uasset" 475
"../../../../../../Users/Jess/Desktop/CGP/CGP_Prototype_Basic/Content/Blueprints/Collectables/BP_Collectable_Arm.uasset" 476
"../../../../../../Users/Jess/Desktop/CGP/CGP_Prototype_Basic/Content/StaticMeshes/SM_TubeOutterWall.uasset" 477
"../../../../../../Users/Jess/Desktop/CGP/CGP_Prototype_Basic/Content/StaticMeshes/SM_ChuteFloor.uasset" 478
"../../../../../../Users/Jess/Desktop/CGP/CGP_Prototype_Basic/Content/Materials/M_MediumMetalYellow.uasset" 479
"../../../../../../Users/Jess/Desktop/CGP/CGP_Prototype_Basic/Content/Materials/M_MediumMetalRed.uasset" 480
"../../../../../../Users/Jess/Desktop/CGP/CGP_Prototype_Basic/Content/Blueprints/UI/Timers/GO_Widget.uasset" 481
"../../../../../../Users/Jess/Desktop/CGP/CGP_Prototype_Basic/Content/Blueprints/UI/Timers/3_Widget.uasset" 482
"../../../../../../Users/Jess/Desktop/CGP/CGP_Prototype_Basic/Content/Blueprints/UI/Timers/BP_Timer_Triggers.uasset" 483
"../../../../../../Users/Jess/Desktop/CGP/CGP_Prototype_Basic/Content/Blueprints/UI/Timers/BP_Timer_Triggers_ChildStart.uasset" 484
"../../../../../../Users/Jess/Desktop/CGP/CGP_Prototype_Basic/Content/Blueprints/UI/Timers/2_Widget.uasset" 485
"../../../../../../Users/Jess/Desktop/CGP/CGP_Prototype_Basic/Content/Blueprints/UI/Timers/BP_Timer_Triggers_Child2.uasset" 486
"../../../../../../Users/Jess/Desktop/CGP/CGP_Prototype_Basic/Content/Blueprints/UI/Timers/1_Widget.uasset" 487
"../../../../../../Users/Jess/Desktop/CGP/CGP_Prototype_Basic/Content/Blueprints/UI/Timers/BP_Timer_Triggers_Child1.uasset" 488
"../../../../../../Users/Jess/Desktop/CGP/CGP_Prototype_Basic/Content/StaticMeshes/SM_LavaSpawnerRail.uasset" 489
"../../../../../../Users/Jess/Desktop/CGP/CGP_Prototype_Basic/Content/StaticMeshes/SM_LavaSpawnerPlatform.uasset" 490
"../../../../../../Users/Jess/Desktop/CGP/CGP_Prototype_Basic/Content/StaticMeshes/SM_LavaBucketSpawner.uasset" 491
"../../../../../../Users/Jess/Desktop/CGP/CGP_Prototype_Basic/Content/Textures/T_Fire_Tiled_D.uasset" 492
"../../../../../../Users/Jess/Desktop/CGP/CGP_Prototype_Basic/Content/Materials/M_Lava.uasset" 493
"../../../../../../Users/Jess/Desktop/CGP/CGP_Prototype_Basic/Content/StaticMeshes/WrongMeshes/SM_LavaBucketModel.uasset" 494
"../../../../../../Users/Jess/Desktop/CGP/CGP_Prototype_Basic/Content/Blueprints/Obstacles/LavaBucket/LavaSound.uasset" 495
"../../Plugins/FX/Niagara/Content/Enums/ENiagaraScaleColorMode.uasset" 496
"../../Plugins/FX/Niagara/Content/Modules/Update/Color/ScaleColor.uasset" 497
"../../../../../../Users/Jess/Desktop/CGP/CGP_Prototype_Basic/Content/VFX/Lava/NE_LavaBurst.uasset" 498
"../../../../../../Users/Jess/Desktop/CGP/CGP_Prototype_Basic/Content/VFX/Lava/NS_LavaBurst.uasset" 499
"../../../../../../Users/Jess/Desktop/CGP/CGP_Prototype_Basic/Content/VFX/Flame/NE_Flame.uasset" 500
"../../../../../../Users/Jess/Desktop/CGP/CGP_Prototype_Basic/Content/VFX/Flame/NS_Flame.uasset" 501
"../../../../../../Users/Jess/Desktop/CGP/CGP_Prototype_Basic/Content/Blueprints/Obstacles/LavaBucket/BP_LavaBucket.uasset" 502
"../../../../../../Users/Jess/Desktop/CGP/CGP_Prototype_Basic/Content/StaticMeshes/SM_LavaBucketSpawnerDoor.uasset" 503
"../../../../../../Users/Jess/Desktop/CGP/CGP_Prototype_Basic/Content/Materials/M_MediumMetalWhite.uasset" 504
"../../../../../../Users/Jess/Desktop/CGP/CGP_Prototype_Basic/Content/Blueprints/Obstacles/LavaBucket/BP_LavaBucketSpawner.uasset" 505
"../../../../../../Users/Jess/Desktop/CGP/CGP_Prototype_Basic/Content/StaticMeshes/SM_Flamethrower.uasset" 506
"../../../../../../Users/Jess/Desktop/CGP/CGP_Prototype_Basic/Content/VFX/Flame/NE_Flamethrower.uasset" 507
"../../../../../../Users/Jess/Desktop/CGP/CGP_Prototype_Basic/Content/VFX/Flame/NS_Flamethrower.uasset" 508
"../../../../../../Users/Jess/Desktop/CGP/CGP_Prototype_Basic/Content/Blueprints/Obstacles/Flamethrower/BP_Flamethrower.uasset" 509
"../../../../../../Users/Jess/Desktop/CGP/CGP_Prototype_Basic/Content/Materials/M_MediumMetal.uasset" 510
"../../../../../../Users/Jess/Desktop/CGP/CGP_Prototype_Basic/Content/StaticMeshes/Crusher_Arm.uasset" 511
"../../../../../../Users/Jess/Desktop/CGP/CGP_Prototype_Basic/Content/StaticMeshes/Crusher_Body.uasset" 512
"../../../../../../Users/Jess/Desktop/CGP/CGP_Prototype_Basic/Content/Blueprints/Obstacles/Crusher/CrusherSound.uasset" 513
"../../../../../../Users/Jess/Desktop/CGP/CGP_Prototype_Basic/Content/Blueprints/Obstacles/Crusher/CharacterAttenuation.uasset" 514
"../../../../../../Users/Jess/Desktop/CGP/CGP_Prototype_Basic/Content/Blueprints/Obstacles/Crusher/BP_Crusher.uasset" 515
"../../../../../../Users/Jess/Desktop/CGP/CGP_Prototype_Basic/Content/StaticMeshes/SM_TubeGlassPiece.uasset" 516
"../../../../../../Users/Jess/Desktop/CGP/CGP_Prototype_Basic/Content/StaticMeshes/SM_TubeGlass.uasset" 517
"../../../../../../Users/Jess/Desktop/CGP/CGP_Prototype_Basic/Content/Materials/M_Glass.uasset" 518
"../../../../../../Users/Jess/Desktop/CGP/CGP_Prototype_Basic/Content/Blueprints/Obstacles/BP_TubePiece.uasset" 519
"../../../../../../Users/Jess/Desktop/CGP/CGP_Prototype_Basic/Content/StaticMeshes/SM_Propeller.uasset" 520
"../../../../../../Users/Jess/Desktop/CGP/CGP_Prototype_Basic/Content/Blueprints/Obstacles/BP_Propeller.uasset" 521
"../../../../../../Users/Jess/Desktop/CGP/CGP_Prototype_Basic/Content/Blueprints/Obstacles/BP_DestroyVolume.uasset" 522
"../../../../../../Users/Jess/Desktop/CGP/CGP_Prototype_Basic/Content/Levels/Lvl_Falling.umap" 523
"../../../../../../Users/Jess/Desktop/CGP/CGP_Prototype_Basic/Content/StaticMeshes/SM_RobotTestGeometry.uasset" 524
"../../../../../../Users/Jess/Desktop/CGP/CGP_Prototype_Basic/Content/Holograms/TilingNoise03.uasset" 525
"../../../../../../Users/Jess/Desktop/CGP/CGP_Prototype_Basic/Content/Holograms/Scanlines_T.uasset" 526
"../../../../../../Users/Jess/Desktop/CGP/CGP_Prototype_Basic/Content/Materials/M_Holographic.uasset" 527
"../../../../../../Users/Jess/Desktop/CGP/CGP_Prototype_Basic/Content/Materials/M_Holographic_Inst.uasset" 528
"../../../../../../Users/Jess/Desktop/CGP/CGP_Prototype_Basic/Content/Levels/Lvl_HUB_BuiltData.uasset" 529
"../../../../../../Users/Jess/Desktop/CGP/CGP_Prototype_Basic/Content/GameFiles/GM_Hub.uasset" 530
"../../../../../../Users/Jess/Desktop/CGP/CGP_Prototype_Basic/Content/Levels/Lvl_HUB.umap" 531
"../../../../../../Users/Jess/Desktop/CGP/CGP_Prototype_Basic/Content/Blueprints/LevelActors/BP_LevelStart.uasset" 532
"../../../../../../Users/Jess/Desktop/CGP/CGP_Prototype_Basic/Content/StaticMeshes/SM_HubLevel.uasset" 533
"../../../../../../Users/Jess/Desktop/CGP/CGP_Prototype_Basic/Content/Levels/Lvl_HUBTEST_BuiltData.uasset" 534
"../../../../../../Users/Jess/Desktop/CGP/CGP_Prototype_Basic/Content/Blueprints/UI/Widgets/TV_ColorCust_Widget.uasset" 535
"../../../../../../Users/Jess/Desktop/CGP/CGP_Prototype_Basic/Content/Blueprints/UI/HubScreens/CustTV_BP.uasset" 536
"../../../../../../Users/Jess/Desktop/CGP/CGP_Prototype_Basic/Content/Blueprints/UI/BP/CustTV_BP.uasset" 537
"../../../../../../Users/Jess/Desktop/CGP/CGP_Prototype_Basic/Content/StaticMeshes/Material_020.uasset" 538
"../../../../../../Users/Jess/Desktop/CGP/CGP_Prototype_Basic/Content/StaticMeshes/JD_Button.uasset" 539
"../../../../../../Users/Jess/Desktop/CGP/CGP_Prototype_Basic/Content/Blueprints/LevelActors/BP_QuitButton.uasset" 540
"../../../../../../Users/Jess/Desktop/CGP/CGP_Prototype_Basic/Content/StaticMeshes/JD_LeverBase.uasset" 541
"../../../../../../Users/Jess/Desktop/CGP/CGP_Prototype_Basic/Content/StaticMeshes/Material_008.uasset" 542
"../../../../../../Users/Jess/Desktop/CGP/CGP_Prototype_Basic/Content/StaticMeshes/JD_Lever.uasset" 543
"../../../../../../Users/Jess/Desktop/CGP/CGP_Prototype_Basic/Content/Blueprints/LevelActors/BP_PlayButton.uasset" 544
"../../../../../../Users/Jess/Desktop/CGP/CGP_Prototype_Basic/Content/StaticMeshes/JD_MediumBotBob__1_.uasset" 545
"../../../../../../Users/Jess/Desktop/CGP/CGP_Prototype_Basic/Content/Blueprints/LevelActors/BP_NPC_Medium.uasset" 546
"../../../../../../Users/Jess/Desktop/CGP/CGP_Prototype_Basic/Content/StaticMeshes/JD_HardBot_Skeleton.uasset" 547
"../../../Engine/Content/Animation/DefaultAnimCurveCompressionSettings.uasset" 548
"../../../Engine/Content/Animation/DefaultAnimBoneCompressionSettings.uasset" 549
"../../../../../../Users/Jess/Desktop/CGP/CGP_Prototype_Basic/Content/StaticMeshes/JD_HardBot_Skeleton_Sequence.uasset" 550
"../../../../../../Users/Jess/Desktop/CGP/CGP_Prototype_Basic/Content/Blueprints/HardBotAnim.uasset" 551
"../../../../../../Users/Jess/Desktop/CGP/CGP_Prototype_Basic/Content/StaticMeshes/JD_HardBot_PhysicsAsset.uasset" 552
"../../../../../../Users/Jess/Desktop/CGP/CGP_Prototype_Basic/Content/StaticMeshes/HardBGreen.uasset" 553
"../../../../../../Users/Jess/Desktop/CGP/CGP_Prototype_Basic/Content/StaticMeshes/JD_HardBot.uasset" 554
"../../../Engine/Content/EngineDebugMaterials/HeatmapGradient.uasset" 555
"../../../Engine/Content/EngineDebugMaterials/HeatmapMaterial.uasset" 556
"../../../../../../Users/Jess/Desktop/CGP/CGP_Prototype_Basic/Content/Blueprints/LevelActors/BP_NPC_Hard.uasset" 557
"../../../../../../Users/Jess/Desktop/CGP/CGP_Prototype_Basic/Content/Levels/Lvl_HUBTEST.umap" 558
"../../../../../../Users/Jess/Desktop/CGP/CGP_Prototype_Basic/Content/Blueprints/LevelActors/BP_CrusherDummy.uasset" 559
"../../../../../../Users/Jess/Desktop/CGP/CGP_Prototype_Basic/Content/StaticMeshes/JD_HologramStand.uasset" 560
"../../../../../../Users/Jess/Desktop/CGP/CGP_Prototype_Basic/Content/StaticMeshes/JD_Hologram_Skeleton.uasset" 561
"../../../../../../Users/Jess/Desktop/CGP/CGP_Prototype_Basic/Content/StaticMeshes/JD_Hologram_PhysicsAsset.uasset" 562
"../../../../../../Users/Jess/Desktop/CGP/CGP_Prototype_Basic/Content/StaticMeshes/JD_Hologram.uasset" 563
"../../../../../../Users/Jess/Desktop/CGP/CGP_Prototype_Basic/Content/Blueprints/LevelActors/BP_Hologram.uasset" 564
"../../../../../../Users/Jess/Desktop/CGP/CGP_Prototype_Basic/Content/StaticMeshes/Scrap.uasset" 565
"../../../../../../Users/Jess/Desktop/CGP/CGP_Prototype_Basic/Content/Materials/M_Scrap.uasset" 566
"../../../../../../Users/Jess/Desktop/CGP/CGP_Prototype_Basic/Content/StaticMeshes/JD_Pile1.uasset" 567
"../../../../../../Users/Jess/Desktop/CGP/CGP_Prototype_Basic/Content/StaticMeshes/JD_Gear.uasset" 568
"../../../../../../Users/Jess/Desktop/CGP/CGP_Prototype_Basic/Content/StaticMeshes/JD_Camera.uasset" 569
"../../../../../../Users/Jess/Desktop/CGP/CGP_Prototype_Basic/Content/StaticMeshes/JD_BrokenFlamethrower.uasset" 570
"../../../../../../Users/Jess/Desktop/CGP/CGP_Prototype_Basic/Content/StaticMeshes/Beam.uasset" 571
"../../../../../../Users/Jess/Desktop/CGP/CGP_Prototype_Basic/Content/MusicAndSounds/HubLevelMusic.uasset" 572
"../../../../../../Users/Jess/Desktop/CGP/CGP_Prototype_Basic/Content/MusicAndSounds/HubLevelMusic_Cue.uasset" 573
"../../../../../../Users/Jess/Desktop/CGP/CGP_Prototype_Basic/Content/Levels/Lvl_HUBTEST2_BuiltData.uasset" 574
"../../../../../../Users/Jess/Desktop/CGP/CGP_Prototype_Basic/Content/Blueprints/Obstacles/LaserCutter/BP_LaserCutterDummy.uasset" 575
"../../../../../../Users/Jess/Desktop/CGP/CGP_Prototype_Basic/Content/Levels/Lvl_HUBTEST2.umap" 576
"../../../../../../Users/Jess/Desktop/CGP/CGP_Prototype_Basic/Content/Blueprints/UI/MainMenu_PC.uasset" 577
"../../../../../../Users/Jess/Desktop/CGP/CGP_Prototype_Basic/Content/GameFiles/GM_MainMenu.uasset" 578
"../../../../../../Users/Jess/Desktop/CGP/CGP_Prototype_Basic/Content/Levels/Lvl_MainMenu.umap" 579
"../../../Engine/Content/EngineSky/T_Sky_Stars.uasset" 580
"../../../Engine/Content/EngineSky/T_Sky_Clouds_M.uasset" 581
"../../../Engine/Content/EngineSky/T_Sky_Blue.uasset" 582
"../../../Engine/Content/EngineSky/M_Sky_Panning_Clouds2.uasset" 583
"../../../../../../Users/Jess/Desktop/CGP/CGP_Prototype_Basic/Content/Levels/Lvl_Test_BuiltData.uasset" 584
"../../../Engine/Content/EngineSky/SM_SkySphere.uasset" 585
"../../../Engine/Content/EngineSky/C_Sky_Zenith_Color.uasset" 586
"../../../Engine/Content/EngineSky/C_Sky_Horizon_Color.uasset" 587
"../../../Engine/Content/EngineSky/C_Sky_Cloud_Color.uasset" 588
"../../../Engine/Content/EngineSky/BP_Sky_Sphere.uasset" 589
"../../../../../../Users/Jess/Desktop/CGP/CGP_Prototype_Basic/Content/Levels/Lvl_Test.umap" 590
"../../../../../../Users/Jess/Desktop/CGP/CGP_Prototype_Basic/Content/Levels/Old/Lvl_NewStartMenu.umap" 591
"../../../Engine/Content/Maps/Entry_BuiltData.uasset" 592
"../../../Engine/Content/Maps/Entry.umap" 593
